

*******************************************************************************
Sat Jul  5 13:00:32 2014


FIT:    data read from "spatial_corr_05-07-2014_12-57-27.dat"
        format = z
        #datapoints = 715
        residuals are weighted equally (unit weight)

function used for fitting: f(x)


*******************************************************************************
Sat Jul  5 13:00:49 2014


FIT:    data read from "spatial_corr_05-07-2014_12-57-27.dat"
        format = z
        #datapoints = 715
        residuals are weighted equally (unit weight)

function used for fitting: f(x)


*******************************************************************************
Sat Jul  5 13:00:55 2014


FIT:    data read from "spatial_corr_05-07-2014_12-57-27.dat"
        format = z
        #datapoints = 715
        residuals are weighted equally (unit weight)

function used for fitting: f(x)


*******************************************************************************
Sat Jul  5 13:01:04 2014


FIT:    data read from "spatial_corr_05-07-2014_12-57-27.dat"
        format = z
        #datapoints = 715
        residuals are weighted equally (unit weight)

function used for fitting: f(x)
fitted parameters initialized with current variable values

BREAK:          no parameter specified



*******************************************************************************
Sat Jul  5 13:01:16 2014


FIT:    data read from "spatial_corr_05-07-2014_12-57-27.dat"
        format = z
        #datapoints = 715
        residuals are weighted equally (unit weight)

function used for fitting: f(x)
fitted parameters initialized with current variable values



 Iteration 0
 WSSR        : 3.25611e+50       delta(WSSR)/WSSR   : 0
 delta(WSSR) : 0                 limit for stopping : 1e-05
 lambda	  : 2.833e+25

initial set of free parameter values

a               = 1
b               = 1

The maximum lambda = 1.000000e+20 was exceeded. Fit stopped.
final sum of squares of residuals : 4.67388e+49
rel. change during last iteration : -5.96661

degrees of freedom    (FIT_NDF)                        : 713
rms of residuals      (FIT_STDFIT) = sqrt(WSSR/ndf)    : 2.56032e+23
variance of residuals (reduced chisquare) = WSSR/ndf   : 6.55524e+46

Final set of parameters            Asymptotic Standard Error
=======================            ==========================

a               = 0.983172         +/- 0.05849      (5.949%)
b               = 0.999671         +/- 3.468        (346.9%)


correlation matrix of the fit parameters:

               a      b      
a               1.000 
b              -1.000  1.000 


*******************************************************************************
Sat Jul  5 13:02:00 2014


FIT:    data read from "spatial_corr_05-07-2014_12-57-27.dat"
        format = z
        #datapoints = 715
        residuals are weighted equally (unit weight)

function used for fitting: f(x)
fitted parameters initialized with current variable values



 Iteration 0
 WSSR        : 4.67388e+49       delta(WSSR)/WSSR   : 0
 delta(WSSR) : 0                 limit for stopping : 1e-05
 lambda	  : 1.07258e+25

initial set of free parameter values

a               = 0.983172
b               = 0.999671

The maximum lambda = 1.000000e+20 was exceeded. Fit stopped.
final sum of squares of residuals : 6.70266e+48
rel. change during last iteration : -5.97318

degrees of freedom    (FIT_NDF)                        : 713
rms of residuals      (FIT_STDFIT) = sqrt(WSSR/ndf)    : 9.69569e+22
variance of residuals (reduced chisquare) = WSSR/ndf   : 9.40064e+45

Final set of parameters            Asymptotic Standard Error
=======================            ==========================

a               = 0.966333         +/- 0.05723      (5.922%)
b               = 0.99934          +/- 3.39         (339.2%)


correlation matrix of the fit parameters:

               a      b      
a               1.000 
b              -1.000  1.000 


*******************************************************************************
Sat Jul  5 13:02:03 2014


FIT:    data read from "spatial_corr_05-07-2014_12-57-27.dat"
        format = z
        #datapoints = 715
        residuals are weighted equally (unit weight)

function used for fitting: f(x)
fitted parameters initialized with current variable values



 Iteration 0
 WSSR        : 6.70266e+48       delta(WSSR)/WSSR   : 0
 delta(WSSR) : 0                 limit for stopping : 1e-05
 lambda	  : 4.05888e+24

initial set of free parameter values

a               = 0.966333
b               = 0.99934

The maximum lambda = 1.000000e+20 was exceeded. Fit stopped.
final sum of squares of residuals : 9.60299e+47
rel. change during last iteration : -5.97976

degrees of freedom    (FIT_NDF)                        : 713
rms of residuals      (FIT_STDFIT) = sqrt(WSSR/ndf)    : 3.66994e+22
variance of residuals (reduced chisquare) = WSSR/ndf   : 1.34684e+45

Final set of parameters            Asymptotic Standard Error
=======================            ==========================

a               = 0.949481         +/- 0.05598      (5.895%)
b               = 0.999006         +/- 3.312        (331.6%)


correlation matrix of the fit parameters:

               a      b      
a               1.000 
b              -1.000  1.000 


*******************************************************************************
Sat Jul  5 13:02:05 2014


FIT:    data read from "spatial_corr_05-07-2014_12-57-27.dat"
        format = z
        #datapoints = 715
        residuals are weighted equally (unit weight)

function used for fitting: f(x)
fitted parameters initialized with current variable values



 Iteration 0
 WSSR        : 9.60299e+47       delta(WSSR)/WSSR   : 0
 delta(WSSR) : 0                 limit for stopping : 1e-05
 lambda	  : 1.53522e+24

initial set of free parameter values

a               = 0.949481
b               = 0.999006

The maximum lambda = 1.000000e+20 was exceeded. Fit stopped.
final sum of squares of residuals : 1.37454e+47
rel. change during last iteration : -5.98634

degrees of freedom    (FIT_NDF)                        : 713
rms of residuals      (FIT_STDFIT) = sqrt(WSSR/ndf)    : 1.38846e+22
variance of residuals (reduced chisquare) = WSSR/ndf   : 1.92782e+44

Final set of parameters            Asymptotic Standard Error
=======================            ==========================

a               = 0.932618         +/- 0.05474      (5.869%)
b               = 0.998669         +/- 3.236        (324%)


correlation matrix of the fit parameters:

               a      b      
a               1.000 
b              -1.000  1.000 


*******************************************************************************
Sat Jul  5 13:02:06 2014


FIT:    data read from "spatial_corr_05-07-2014_12-57-27.dat"
        format = z
        #datapoints = 715
        residuals are weighted equally (unit weight)

function used for fitting: f(x)
fitted parameters initialized with current variable values



 Iteration 0
 WSSR        : 1.37454e+47       delta(WSSR)/WSSR   : 0
 delta(WSSR) : 0                 limit for stopping : 1e-05
 lambda	  : 5.80401e+23

initial set of free parameter values

a               = 0.932618
b               = 0.998669

The maximum lambda = 1.000000e+20 was exceeded. Fit stopped.
final sum of squares of residuals : 1.96561e+46
rel. change during last iteration : -5.99293

degrees of freedom    (FIT_NDF)                        : 713
rms of residuals      (FIT_STDFIT) = sqrt(WSSR/ndf)    : 5.25054e+21
variance of residuals (reduced chisquare) = WSSR/ndf   : 2.75682e+43

Final set of parameters            Asymptotic Standard Error
=======================            ==========================

a               = 0.915742         +/- 0.05351      (5.844%)
b               = 0.998329         +/- 3.16         (316.5%)


correlation matrix of the fit parameters:

               a      b      
a               1.000 
b              -1.000  1.000 


*******************************************************************************
Sat Jul  5 13:02:07 2014


FIT:    data read from "spatial_corr_05-07-2014_12-57-27.dat"
        format = z
        #datapoints = 715
        residuals are weighted equally (unit weight)

function used for fitting: f(x)
fitted parameters initialized with current variable values



 Iteration 0
 WSSR        : 1.96561e+46       delta(WSSR)/WSSR   : 0
 delta(WSSR) : 0                 limit for stopping : 1e-05
 lambda	  : 2.19318e+23

initial set of free parameter values

a               = 0.915742
b               = 0.998329

The maximum lambda = 1.000000e+20 was exceeded. Fit stopped.
final sum of squares of residuals : 2.80821e+45
rel. change during last iteration : -5.99952

degrees of freedom    (FIT_NDF)                        : 713
rms of residuals      (FIT_STDFIT) = sqrt(WSSR/ndf)    : 1.98458e+21
variance of residuals (reduced chisquare) = WSSR/ndf   : 3.93858e+42

Final set of parameters            Asymptotic Standard Error
=======================            ==========================

a               = 0.898854         +/- 0.0523       (5.818%)
b               = 0.997986         +/- 3.085        (309.1%)


correlation matrix of the fit parameters:

               a      b      
a               1.000 
b              -1.000  1.000 


*******************************************************************************
Sat Jul  5 13:02:15 2014


FIT:    data read from "spatial_corr_05-07-2014_12-57-27.dat"
        format = z
        #datapoints = 715
        residuals are weighted equally (unit weight)

function used for fitting: f(x)
fitted parameters initialized with current variable values



 Iteration 0
 WSSR        : 2.80821e+45       delta(WSSR)/WSSR   : 0
 delta(WSSR) : 0                 limit for stopping : 1e-05
 lambda	  : 8.28343e+22

initial set of free parameter values

a               = 0.898854
b               = 0.997986

The maximum lambda = 1.000000e+20 was exceeded. Fit stopped.
final sum of squares of residuals : 4.00822e+44
rel. change during last iteration : -6.00612

degrees of freedom    (FIT_NDF)                        : 713
rms of residuals      (FIT_STDFIT) = sqrt(WSSR/ndf)    : 7.49775e+20
variance of residuals (reduced chisquare) = WSSR/ndf   : 5.62163e+41

Final set of parameters            Asymptotic Standard Error
=======================            ==========================

a               = 0.881953         +/- 0.05109      (5.793%)
b               = 0.997639         +/- 3.01         (301.7%)


correlation matrix of the fit parameters:

               a      b      
a               1.000 
b              -1.000  1.000 


*******************************************************************************
Sat Jul  5 13:02:16 2014


FIT:    data read from "spatial_corr_05-07-2014_12-57-27.dat"
        format = z
        #datapoints = 715
        residuals are weighted equally (unit weight)

function used for fitting: f(x)
fitted parameters initialized with current variable values



 Iteration 0
 WSSR        : 4.00822e+44       delta(WSSR)/WSSR   : 0
 delta(WSSR) : 0                 limit for stopping : 1e-05
 lambda	  : 3.12706e+22

initial set of free parameter values

a               = 0.881953
b               = 0.997639

The maximum lambda = 1.000000e+20 was exceeded. Fit stopped.
final sum of squares of residuals : 5.71564e+43
rel. change during last iteration : -6.01272

degrees of freedom    (FIT_NDF)                        : 713
rms of residuals      (FIT_STDFIT) = sqrt(WSSR/ndf)    : 2.83131e+20
variance of residuals (reduced chisquare) = WSSR/ndf   : 8.01633e+40

Final set of parameters            Asymptotic Standard Error
=======================            ==========================

a               = 0.865039         +/- 0.0499       (5.769%)
b               = 0.997289         +/- 2.937        (294.5%)


correlation matrix of the fit parameters:

               a      b      
a               1.000 
b              -1.000  1.000 


*******************************************************************************
Sat Jul  5 13:02:17 2014


FIT:    data read from "spatial_corr_05-07-2014_12-57-27.dat"
        format = z
        #datapoints = 715
        residuals are weighted equally (unit weight)

function used for fitting: f(x)
fitted parameters initialized with current variable values



 Iteration 0
 WSSR        : 5.71564e+43       delta(WSSR)/WSSR   : 0
 delta(WSSR) : 0                 limit for stopping : 1e-05
 lambda	  : 1.17992e+22

initial set of free parameter values

a               = 0.865039
b               = 0.997289

The maximum lambda = 1.000000e+20 was exceeded. Fit stopped.
final sum of squares of residuals : 8.14274e+42
rel. change during last iteration : -6.01932

degrees of freedom    (FIT_NDF)                        : 713
rms of residuals      (FIT_STDFIT) = sqrt(WSSR/ndf)    : 1.06866e+20
variance of residuals (reduced chisquare) = WSSR/ndf   : 1.14204e+40

Final set of parameters            Asymptotic Standard Error
=======================            ==========================

a               = 0.848112         +/- 0.04872      (5.745%)
b               = 0.996935         +/- 2.864        (287.3%)


correlation matrix of the fit parameters:

               a      b      
a               1.000 
b              -1.000  1.000 


*******************************************************************************
Sat Jul  5 13:02:18 2014


FIT:    data read from "spatial_corr_05-07-2014_12-57-27.dat"
        format = z
        #datapoints = 715
        residuals are weighted equally (unit weight)

function used for fitting: f(x)
fitted parameters initialized with current variable values



 Iteration 0
 WSSR        : 8.14274e+42       delta(WSSR)/WSSR   : 0
 delta(WSSR) : 0                 limit for stopping : 1e-05
 lambda	  : 4.44996e+21

initial set of free parameter values

a               = 0.848112
b               = 0.996935

The maximum lambda = 1.000000e+20 was exceeded. Fit stopped.
final sum of squares of residuals : 1.15896e+42
rel. change during last iteration : -6.02592

degrees of freedom    (FIT_NDF)                        : 713
rms of residuals      (FIT_STDFIT) = sqrt(WSSR/ndf)    : 4.03171e+19
variance of residuals (reduced chisquare) = WSSR/ndf   : 1.62547e+39

Final set of parameters            Asymptotic Standard Error
=======================            ==========================

a               = 0.831171         +/- 0.04755      (5.721%)
b               = 0.996576         +/- 2.792        (280.2%)


correlation matrix of the fit parameters:

               a      b      
a               1.000 
b              -1.000  1.000 


*******************************************************************************
Sat Jul  5 13:02:19 2014


FIT:    data read from "spatial_corr_05-07-2014_12-57-27.dat"
        format = z
        #datapoints = 715
        residuals are weighted equally (unit weight)

function used for fitting: f(x)
fitted parameters initialized with current variable values



 Iteration 0
 WSSR        : 1.15896e+42       delta(WSSR)/WSSR   : 0
 delta(WSSR) : 0                 limit for stopping : 1e-05
 lambda	  : 1.67745e+21

initial set of free parameter values

a               = 0.831171
b               = 0.996576

The maximum lambda = 1.000000e+20 was exceeded. Fit stopped.
final sum of squares of residuals : 1.648e+41
rel. change during last iteration : -6.03252

degrees of freedom    (FIT_NDF)                        : 713
rms of residuals      (FIT_STDFIT) = sqrt(WSSR/ndf)    : 1.52031e+19
variance of residuals (reduced chisquare) = WSSR/ndf   : 2.31136e+38

Final set of parameters            Asymptotic Standard Error
=======================            ==========================

a               = 0.814217         +/- 0.04639      (5.698%)
b               = 0.996214         +/- 2.721        (273.1%)


correlation matrix of the fit parameters:

               a      b      
a               1.000 
b              -1.000  1.000 


*******************************************************************************
Sat Jul  5 13:02:20 2014


FIT:    data read from "spatial_corr_05-07-2014_12-57-27.dat"
        format = z
        #datapoints = 715
        residuals are weighted equally (unit weight)

function used for fitting: f(x)
fitted parameters initialized with current variable values



 Iteration 0
 WSSR        : 1.648e+41         delta(WSSR)/WSSR   : 0
 delta(WSSR) : 0                 limit for stopping : 1e-05
 lambda	  : 6.32019e+20

initial set of free parameter values

a               = 0.814217
b               = 0.996214

After 10 iterations the fit converged.
final sum of squares of residuals : 0.0646076
rel. change during last iteration : -2.14801e-16

degrees of freedom    (FIT_NDF)                        : 713
rms of residuals      (FIT_STDFIT) = sqrt(WSSR/ndf)    : 0.00951913
variance of residuals (reduced chisquare) = WSSR/ndf   : 9.06138e-05

Final set of parameters            Asymptotic Standard Error
=======================            ==========================

a               = 0.747713         +/- 100.6        (1.346e+04%)
b               = 1.18686e-23      +/- 7.006e-20    (5.903e+05%)


correlation matrix of the fit parameters:

               a      b      
a               1.000 
b              -1.000  1.000 


*******************************************************************************
Sat Jul  5 13:02:23 2014


FIT:    data read from "spatial_corr_05-07-2014_12-57-27.dat"
        format = z
        #datapoints = 715
        residuals are weighted equally (unit weight)

function used for fitting: f(x)
fitted parameters initialized with current variable values



 Iteration 0
 WSSR        : 0.0646076         delta(WSSR)/WSSR   : 0
 delta(WSSR) : 0                 limit for stopping : 1e-05
 lambda	  : 2.36137e+17

initial set of free parameter values

a               = 0.747713
b               = 1.18686e-23

The maximum lambda = 1.000000e+20 was exceeded. Fit stopped.
final sum of squares of residuals : 0.0646076
rel. change during last iteration : 0

degrees of freedom    (FIT_NDF)                        : 713
rms of residuals      (FIT_STDFIT) = sqrt(WSSR/ndf)    : 0.00951913
variance of residuals (reduced chisquare) = WSSR/ndf   : 9.06138e-05

Final set of parameters            Asymptotic Standard Error
=======================            ==========================

a               = 0.747713         +/- 100.6        (1.346e+04%)
b               = 1.18686e-23      +/- 7.006e-20    (5.903e+05%)


correlation matrix of the fit parameters:

               a      b      
a               1.000 
b              -1.000  1.000 


*******************************************************************************
Sat Jul  5 13:02:25 2014


FIT:    data read from "spatial_corr_05-07-2014_12-57-27.dat"
        format = z
        #datapoints = 715
        residuals are weighted equally (unit weight)

function used for fitting: f(x)
fitted parameters initialized with current variable values



 Iteration 0
 WSSR        : 0.0646076         delta(WSSR)/WSSR   : 0
 delta(WSSR) : 0                 limit for stopping : 1e-05
 lambda	  : 2.36137e+17

initial set of free parameter values

a               = 0.747713
b               = 1.18686e-23

The maximum lambda = 1.000000e+20 was exceeded. Fit stopped.
final sum of squares of residuals : 0.0646076
rel. change during last iteration : 0

degrees of freedom    (FIT_NDF)                        : 713
rms of residuals      (FIT_STDFIT) = sqrt(WSSR/ndf)    : 0.00951913
variance of residuals (reduced chisquare) = WSSR/ndf   : 9.06138e-05

Final set of parameters            Asymptotic Standard Error
=======================            ==========================

a               = 0.747713         +/- 100.6        (1.346e+04%)
b               = 1.18686e-23      +/- 7.006e-20    (5.903e+05%)


correlation matrix of the fit parameters:

               a      b      
a               1.000 
b              -1.000  1.000 


*******************************************************************************
Sat Jul  5 13:02:26 2014


FIT:    data read from "spatial_corr_05-07-2014_12-57-27.dat"
        format = z
        #datapoints = 715
        residuals are weighted equally (unit weight)

function used for fitting: f(x)
fitted parameters initialized with current variable values



 Iteration 0
 WSSR        : 0.0646076         delta(WSSR)/WSSR   : 0
 delta(WSSR) : 0                 limit for stopping : 1e-05
 lambda	  : 2.36137e+17

initial set of free parameter values

a               = 0.747713
b               = 1.18686e-23

The maximum lambda = 1.000000e+20 was exceeded. Fit stopped.
final sum of squares of residuals : 0.0646076
rel. change during last iteration : 0

degrees of freedom    (FIT_NDF)                        : 713
rms of residuals      (FIT_STDFIT) = sqrt(WSSR/ndf)    : 0.00951913
variance of residuals (reduced chisquare) = WSSR/ndf   : 9.06138e-05

Final set of parameters            Asymptotic Standard Error
=======================            ==========================

a               = 0.747713         +/- 100.6        (1.346e+04%)
b               = 1.18686e-23      +/- 7.006e-20    (5.903e+05%)


correlation matrix of the fit parameters:

               a      b      
a               1.000 
b              -1.000  1.000 


*******************************************************************************
Sat Jul  5 13:02:28 2014


FIT:    data read from "spatial_corr_05-07-2014_12-57-27.dat"
        format = z
        #datapoints = 715
        residuals are weighted equally (unit weight)

function used for fitting: f(x)
fitted parameters initialized with current variable values



 Iteration 0
 WSSR        : 0.0646076         delta(WSSR)/WSSR   : 0
 delta(WSSR) : 0                 limit for stopping : 1e-05
 lambda	  : 2.36137e+17

initial set of free parameter values

a               = 0.747713
b               = 1.18686e-23

The maximum lambda = 1.000000e+20 was exceeded. Fit stopped.
final sum of squares of residuals : 0.0646076
rel. change during last iteration : 0

degrees of freedom    (FIT_NDF)                        : 713
rms of residuals      (FIT_STDFIT) = sqrt(WSSR/ndf)    : 0.00951913
variance of residuals (reduced chisquare) = WSSR/ndf   : 9.06138e-05

Final set of parameters            Asymptotic Standard Error
=======================            ==========================

a               = 0.747713         +/- 100.6        (1.346e+04%)
b               = 1.18686e-23      +/- 7.006e-20    (5.903e+05%)


correlation matrix of the fit parameters:

               a      b      
a               1.000 
b              -1.000  1.000 


*******************************************************************************
Sat Jul  5 13:02:29 2014


FIT:    data read from "spatial_corr_05-07-2014_12-57-27.dat"
        format = z
        #datapoints = 715
        residuals are weighted equally (unit weight)

function used for fitting: f(x)
fitted parameters initialized with current variable values



 Iteration 0
 WSSR        : 0.0646076         delta(WSSR)/WSSR   : 0
 delta(WSSR) : 0                 limit for stopping : 1e-05
 lambda	  : 2.36137e+17

initial set of free parameter values

a               = 0.747713
b               = 1.18686e-23

The maximum lambda = 1.000000e+20 was exceeded. Fit stopped.
final sum of squares of residuals : 0.0646076
rel. change during last iteration : 0

degrees of freedom    (FIT_NDF)                        : 713
rms of residuals      (FIT_STDFIT) = sqrt(WSSR/ndf)    : 0.00951913
variance of residuals (reduced chisquare) = WSSR/ndf   : 9.06138e-05

Final set of parameters            Asymptotic Standard Error
=======================            ==========================

a               = 0.747713         +/- 100.6        (1.346e+04%)
b               = 1.18686e-23      +/- 7.006e-20    (5.903e+05%)


correlation matrix of the fit parameters:

               a      b      
a               1.000 
b              -1.000  1.000 


*******************************************************************************
Sat Jul  5 13:02:31 2014


FIT:    data read from "spatial_corr_05-07-2014_12-57-27.dat"
        format = z
        #datapoints = 715
        residuals are weighted equally (unit weight)

function used for fitting: f(x)
fitted parameters initialized with current variable values



 Iteration 0
 WSSR        : 0.0646076         delta(WSSR)/WSSR   : 0
 delta(WSSR) : 0                 limit for stopping : 1e-05
 lambda	  : 2.36137e+17

initial set of free parameter values

a               = 0.747713
b               = 1.18686e-23

The maximum lambda = 1.000000e+20 was exceeded. Fit stopped.
final sum of squares of residuals : 0.0646076
rel. change during last iteration : 0

degrees of freedom    (FIT_NDF)                        : 713
rms of residuals      (FIT_STDFIT) = sqrt(WSSR/ndf)    : 0.00951913
variance of residuals (reduced chisquare) = WSSR/ndf   : 9.06138e-05

Final set of parameters            Asymptotic Standard Error
=======================            ==========================

a               = 0.747713         +/- 100.6        (1.346e+04%)
b               = 1.18686e-23      +/- 7.006e-20    (5.903e+05%)


correlation matrix of the fit parameters:

               a      b      
a               1.000 
b              -1.000  1.000 


*******************************************************************************
Sat Jul  5 13:02:32 2014


FIT:    data read from "spatial_corr_05-07-2014_12-57-27.dat"
        format = z
        #datapoints = 715
        residuals are weighted equally (unit weight)

function used for fitting: f(x)
fitted parameters initialized with current variable values



 Iteration 0
 WSSR        : 0.0646076         delta(WSSR)/WSSR   : 0
 delta(WSSR) : 0                 limit for stopping : 1e-05
 lambda	  : 2.36137e+17

initial set of free parameter values

a               = 0.747713
b               = 1.18686e-23

The maximum lambda = 1.000000e+20 was exceeded. Fit stopped.
final sum of squares of residuals : 0.0646076
rel. change during last iteration : 0

degrees of freedom    (FIT_NDF)                        : 713
rms of residuals      (FIT_STDFIT) = sqrt(WSSR/ndf)    : 0.00951913
variance of residuals (reduced chisquare) = WSSR/ndf   : 9.06138e-05

Final set of parameters            Asymptotic Standard Error
=======================            ==========================

a               = 0.747713         +/- 100.6        (1.346e+04%)
b               = 1.18686e-23      +/- 7.006e-20    (5.903e+05%)


correlation matrix of the fit parameters:

               a      b      
a               1.000 
b              -1.000  1.000 


*******************************************************************************
Sat Jul  5 13:02:34 2014


FIT:    data read from "spatial_corr_05-07-2014_12-57-27.dat"
        format = z
        #datapoints = 715
        residuals are weighted equally (unit weight)

function used for fitting: f(x)
fitted parameters initialized with current variable values



 Iteration 0
 WSSR        : 0.0646076         delta(WSSR)/WSSR   : 0
 delta(WSSR) : 0                 limit for stopping : 1e-05
 lambda	  : 2.36137e+17

initial set of free parameter values

a               = 0.747713
b               = 1.18686e-23

The maximum lambda = 1.000000e+20 was exceeded. Fit stopped.
final sum of squares of residuals : 0.0646076
rel. change during last iteration : 0

degrees of freedom    (FIT_NDF)                        : 713
rms of residuals      (FIT_STDFIT) = sqrt(WSSR/ndf)    : 0.00951913
variance of residuals (reduced chisquare) = WSSR/ndf   : 9.06138e-05

Final set of parameters            Asymptotic Standard Error
=======================            ==========================

a               = 0.747713         +/- 100.6        (1.346e+04%)
b               = 1.18686e-23      +/- 7.006e-20    (5.903e+05%)


correlation matrix of the fit parameters:

               a      b      
a               1.000 
b              -1.000  1.000 


*******************************************************************************
Sat Jul  5 13:03:46 2014


FIT:    data read from "spatial_corr_05-07-2014_12-57-27.dat"
        format = z
        #datapoints = 715
        residuals are weighted equally (unit weight)

function used for fitting: f(x)
fitted parameters initialized with current variable values



 Iteration 0
 WSSR        : 1.12149           delta(WSSR)/WSSR   : 0
 delta(WSSR) : 0                 limit for stopping : 1e-05
 lambda	  : 0.0346311

initial set of free parameter values

a               = -1
b               = 1

After 7 iterations the fit converged.
final sum of squares of residuals : 0.00881984
rel. change during last iteration : -8.42145e-09

degrees of freedom    (FIT_NDF)                        : 713
rms of residuals      (FIT_STDFIT) = sqrt(WSSR/ndf)    : 0.00351711
variance of residuals (reduced chisquare) = WSSR/ndf   : 1.237e-05

Final set of parameters            Asymptotic Standard Error
=======================            ==========================

a               = -0.0457196       +/- 0.001313     (2.872%)
b               = 0.0265689        +/- 0.0007151    (2.691%)


correlation matrix of the fit parameters:

               a      b      
a               1.000 
b              -0.833  1.000 


*******************************************************************************
Sat Jul  5 13:04:00 2014


FIT:    data read from "spatial_corr_05-07-2014_12-57-27.dat"
        format = z
        #datapoints = 715
        residuals are weighted equally (unit weight)

function used for fitting: f(x)
fitted parameters initialized with current variable values



 Iteration 0
 WSSR        : 0.00881984        delta(WSSR)/WSSR   : 0
 delta(WSSR) : 0                 limit for stopping : 1e-05
 lambda	  : 0.26768

initial set of free parameter values

a               = -0.0457196
b               = 0.0265689

After 1 iterations the fit converged.
final sum of squares of residuals : 0.00881984
rel. change during last iteration : -1.77016e-15

degrees of freedom    (FIT_NDF)                        : 713
rms of residuals      (FIT_STDFIT) = sqrt(WSSR/ndf)    : 0.00351711
variance of residuals (reduced chisquare) = WSSR/ndf   : 1.237e-05

Final set of parameters            Asymptotic Standard Error
=======================            ==========================

a               = -0.0457196       +/- 0.001313     (2.872%)
b               = 0.0265689        +/- 0.0007151    (2.691%)


correlation matrix of the fit parameters:

               a      b      
a               1.000 
b              -0.833  1.000 


*******************************************************************************
Sat Jul  5 13:08:19 2014


FIT:    data read from "spatial_corr_05-07-2014_12-57-27.dat"
        format = z
        x range restricted to [0.00000 : 20.0000]
        #datapoints = 146
        residuals are weighted equally (unit weight)

function used for fitting: f(x)
fitted parameters initialized with current variable values



 Iteration 0
 WSSR        : 0.00182428        delta(WSSR)/WSSR   : 0
 delta(WSSR) : 0                 limit for stopping : 1e-05
 lambda	  : 0.438348

initial set of free parameter values

a               = -0.0457196
b               = 0.0265689

After 3 iterations the fit converged.
final sum of squares of residuals : 0.00182263
rel. change during last iteration : -1.34836e-06

degrees of freedom    (FIT_NDF)                        : 144
rms of residuals      (FIT_STDFIT) = sqrt(WSSR/ndf)    : 0.00355769
variance of residuals (reduced chisquare) = WSSR/ndf   : 1.26572e-05

Final set of parameters            Asymptotic Standard Error
=======================            ==========================

a               = -0.0445049       +/- 0.003476     (7.811%)
b               = 0.0261682        +/- 0.001049     (4.008%)


correlation matrix of the fit parameters:

               a      b      
a               1.000 
b              -0.884  1.000 


*******************************************************************************
Sat Jul  5 13:08:56 2014


FIT:    data read from "spatial_corr_05-07-2014_12-57-27.dat"
        format = z
        x range restricted to [0.00000 : 10.0000]
        #datapoints = 44
        residuals are weighted equally (unit weight)

function used for fitting: f(x)
fitted parameters initialized with current variable values



 Iteration 0
 WSSR        : 0.00128506        delta(WSSR)/WSSR   : 0
 delta(WSSR) : 0                 limit for stopping : 1e-05
 lambda	  : 0.551216

initial set of free parameter values

a               = -0.0445049
b               = 0.0261682

After 5 iterations the fit converged.
final sum of squares of residuals : 0.000649978
rel. change during last iteration : -4.71248e-06

degrees of freedom    (FIT_NDF)                        : 42
rms of residuals      (FIT_STDFIT) = sqrt(WSSR/ndf)    : 0.00393391
variance of residuals (reduced chisquare) = WSSR/ndf   : 1.54757e-05

Final set of parameters            Asymptotic Standard Error
=======================            ==========================

a               = -0.117951        +/- 0.01067      (9.048%)
b               = 0.0374978        +/- 0.002084     (5.556%)


correlation matrix of the fit parameters:

               a      b      
a               1.000 
b              -0.846  1.000 
